<?xml version="1.0" encoding="UTF-8"?>
<!-- Generated by org.testng.reporters.JUnitReportReporter -->
<testsuite hostname="Mohan" failures="0" tests="4" name="com.venkat.testcases.TC_OrdingAProduct_01" time="4.280" errors="0" timestamp="2024-08-19T17:17:41 IST" skipped="0">
  <testcase classname="com.venkat.testcases.TC_OrdingAProduct_01" name="orderAProduct" time="1.097"/>
  <testcase classname="com.venkat.testcases.TC_OrdingAProduct_01" name="orderAProduct" time="1.066"/>
  <testcase classname="com.venkat.testcases.TC_OrdingAProduct_01" name="orderAProduct" time="1.061"/>
  <testcase classname="com.venkat.testcases.TC_OrdingAProduct_01" name="orderAProduct" time="1.056"/>
</testsuite> <!-- com.venkat.testcases.TC_OrdingAProduct_01 -->
